This is pdfTeX, Version 3.14159265-2.6-1.40.16 (MiKTeX 2.9 64-bit) (preloaded format=pdftex 2016.2.19)  4 AUG 2016 18:13
entering extended mode
**C:/Users/ejm3149/Desktop/SPIE/SK_SPIE_2016_Bibliography.bib
(C:/Users/ejm3149/Desktop/SPIE/SK_SPIE_2016_Bibliography.bib [1{C:/Users/ejm314
9/AppData/Local/MiKTeX/2.9/pdftex/config/pdftex.map}] [2] [3]
Overfull \hbox (8.41273pt too wide) in paragraph at lines 479--489
[]\tenrm @INPROCEEDINGSRajpoot09, au-thor=Rajpoot, K. and Grau, V. and No-ble, 
J.A, book-ti-tle=Biomedical|

\hbox(6.94444+1.94444)x469.75499, glue set - 1.0
.\hbox(0.0+0.0)x20.0
.\tenrm @
.\tenrm I
.\tenrm N
.\tenrm P
.etc.


Overfull \hbox (17.16264pt too wide) in paragraph at lines 479--489
\tenrm de-tec-tion;feature ex-trac-tion;medical im-age pro-cess-ing;automatic m
ea-sure-ment;cardiovascular dis-ease;endocardial|

\hbox(6.94444+1.94444)x469.75499, glue set - 1.0
.\tenrm d
.\tenrm e
.\discretionary
..\tenrm -
.\tenrm t
.\tenrm e
.etc.


Overfull \hbox (6.44052pt too wide) in paragraph at lines 479--489
\tenrm bound-ary de-tec-tion;epicardial bound-ary de-tec-tion;feature asym-me-t
ry mea-sure computation;intensity-invariant|

\hbox(6.94444+1.94444)x469.75499, glue set - 1.0
.\tenrm b
.\kern0.27779
.\tenrm o
.\tenrm u
.\tenrm n
.etc.


Overfull \hbox (48.71835pt too wide) in paragraph at lines 479--489
\tenrm echocar-dio-g-ra-phy im-ages;speckle ap-pear-ance;ultrasound im-ages;Cli
nical di-ag-no-sis;Data min-ing;Echocardiography;Phase|

\hbox(6.94444+1.94444)x469.75499, glue set - 1.0
.\tenrm e
.\tenrm c
.\kern-0.27779
.\tenrm h
.\tenrm o
.etc.


Overfull \hbox (190.07993pt too wide) in paragraph at lines 490--508
\tenrm "1361-8415", doi = "http://dx.doi.org/10.1016/S1361-8415(00)00006-2", ur
l = "http://www.sciencedirect.com/science/article/pii/S1361841500000062",|

\hbox(7.5+2.5)x469.75499, glue set - 1.0
.\tenrm "
.\tenrm 1
.\tenrm 3
.\tenrm 6
.\tenrm 1
.etc.


Overfull \hbox (2.18927pt too wide) in paragraph at lines 490--508
\tenrm au-thor = "Miguel Mulet-Parada and J.Alison No-ble", key-words = "2D+T u
l-tra-sound", key-words = "Echocar-|

\hbox(6.94444+1.94444)x469.75499, glue set - 1.0
.\tenrm a
.\tenrm u
.\discretionary
..\tenrm -
.\tenrm t
.\tenrm h
.etc.

! Missing $ inserted.
<inserted text> 
                $
<to be read again> 
                   _
l.521  issue_
             date = {July/Aug. 1989},
? 
! Emergency stop.
<inserted text> 
                $
<to be read again> 
                   _
l.521  issue_
             date = {July/Aug. 1989},
End of file on the terminal!

!  ==> Fatal error occurred, no output PDF file produced!
